<?xml version="1.0" encoding="UTF-8"?>
<!-- Generated by org.testng.reporters.JUnitReportReporter -->
<testsuite skipped="0" hostname="Ashwins-MacBook-Air.local" name="testNGFramework.AutomationPractice" tests="5" failures="0" timestamp="15 Aug 2020 15:21:03 GMT" time="6.291" errors="0">
  <testcase name="pageLoad" time="3.714" classname="testNGFramework.AutomationPractice"/>
  <testcase name="signIn" time="0.288" classname="testNGFramework.AutomationPractice"/>
  <testcase name="UserInfo" time="0.589" classname="testNGFramework.AutomationPractice"/>
  <testcase name="AcctInfo" time="0.892" classname="testNGFramework.AutomationPractice"/>
  <testcase name="profileInfo" time="0.808" classname="testNGFramework.AutomationPractice"/>
</testsuite> <!-- testNGFramework.AutomationPractice -->
