<?xml version="1.0" encoding="UTF-8"?>
<!-- Generated by org.testng.reporters.JUnitReportReporter -->
<testsuite skipped="0" hostname="Ashwins-MacBook-Air.local" name="testNGFramework.DBankDemo" tests="3" failures="0" timestamp="18 Aug 2020 13:30:39 GMT" time="33.128" errors="0">
  <testcase name="a_pageLoad" time="6.164" classname="testNGFramework.DBankDemo"/>
  <testcase name="b_SignUp" time="4.866" classname="testNGFramework.DBankDemo"/>
  <testcase name="c_EnteringDetails" time="22.098" classname="testNGFramework.DBankDemo"/>
</testsuite> <!-- testNGFramework.DBankDemo -->
