<?xml version="1.0" encoding="UTF-8"?>
<!-- Generated by org.testng.reporters.JUnitReportReporter -->
<testsuite skipped="0" hostname="Ashwins-MacBook-Air.local" name="testNGFramework.Verification" tests="2" failures="0" timestamp="17 Aug 2020 07:32:52 GMT" time="38.117" errors="0">
  <testcase name="a_pageLoad" time="15.294" classname="testNGFramework.Verification"/>
  <testcase name="b_Verification" time="22.823" classname="testNGFramework.Verification"/>
</testsuite> <!-- testNGFramework.Verification -->
