<?xml version="1.0" encoding="UTF-8"?>
<!-- Generated by org.testng.reporters.JUnitReportReporter -->
<testsuite skipped="0" hostname="Ashwins-MacBook-Air.local" name="testNGFramework.Otherlocators" tests="2" failures="0" timestamp="20 Aug 2020 01:59:56 GMT" time="19.189" errors="0">
  <testcase name="b_login" time="10.144" classname="testNGFramework.Otherlocators"/>
  <testcase name="a_pageLoad" time="9.045" classname="testNGFramework.Otherlocators"/>
</testsuite> <!-- testNGFramework.Otherlocators -->
