<?xml version="1.0" encoding="UTF-8"?>
<!-- Generated by org.testng.reporters.JUnitReportReporter -->
<testsuite skipped="0" hostname="Ashwins-MacBook-Air.local" name="testNGFramework.InternetHerokuapp" tests="3" failures="0" timestamp="18 Aug 2020 13:23:57 GMT" time="22.184" errors="0">
  <testcase name="a_pageLoad" time="5.041" classname="testNGFramework.InternetHerokuapp"/>
  <testcase name="c_Verifycheckbox2" time="7.037" classname="testNGFramework.InternetHerokuapp"/>
  <testcase name="b_Verifycheckbox1" time="10.106" classname="testNGFramework.InternetHerokuapp"/>
</testsuite> <!-- testNGFramework.InternetHerokuapp -->
