<?xml version="1.0" encoding="UTF-8"?>
<!-- Generated by org.testng.reporters.JUnitReportReporter -->
<testsuite skipped="0" hostname="Ashwins-MacBook-Air.local" name="testNGFramework.OpenmrsDemo" tests="11" failures="0" timestamp="25 Aug 2020 01:50:37 GMT" time="96.020" errors="0">
  <testcase name="g_captureVitals" time="7.510" classname="testNGFramework.OpenmrsDemo"/>
  <testcase name="j_submitRegistration" time="7.125" classname="testNGFramework.OpenmrsDemo"/>
  <testcase name="b_loginFlow" time="2.903" classname="testNGFramework.OpenmrsDemo"/>
  <testcase name="e_recentVisit" time="5.038" classname="testNGFramework.OpenmrsDemo"/>
  <testcase name="f_homePage" time="1.034" classname="testNGFramework.OpenmrsDemo"/>
  <testcase name="h_verifyPatient" time="7.924" classname="testNGFramework.OpenmrsDemo"/>
  <testcase name="k_logoutFlow" time="6.643" classname="testNGFramework.OpenmrsDemo"/>
  <testcase name="a_pageLoad" time="7.131" classname="testNGFramework.OpenmrsDemo"/>
  <testcase name="d_findPatient" time="23.136" classname="testNGFramework.OpenmrsDemo"/>
  <testcase name="i_registerPatient" time="27.532" classname="testNGFramework.OpenmrsDemo"/>
  <testcase name="c_printLogin" time="0.044" classname="testNGFramework.OpenmrsDemo"/>
</testsuite> <!-- testNGFramework.OpenmrsDemo -->
