<?xml version="1.0" encoding="UTF-8"?>
<!-- Generated by org.testng.reporters.JUnitReportReporter -->
<testsuite skipped="0" hostname="Ashwins-MacBook-Air.local" name="testNGFramework.bootstrapdropdownandcalendar" tests="2" failures="0" timestamp="26 Aug 2020 03:10:09 GMT" time="91.044" errors="0">
  <testcase name="b_dropDown" time="64.437" classname="testNGFramework.bootstrapdropdownandcalendar"/>
  <testcase name="a_pageLoad" time="26.607" classname="testNGFramework.bootstrapdropdownandcalendar"/>
</testsuite> <!-- testNGFramework.bootstrapdropdownandcalendar -->
