<?xml version="1.0" encoding="UTF-8"?>
<!-- Generated by org.testng.reporters.JUnitReportReporter -->
<testsuite skipped="0" hostname="Ashwins-MacBook-Air.local" name="testNGFramework.YourLogoForTestNG" tests="6" failures="0" timestamp="20 Aug 2020 01:59:22 GMT" time="65.037" errors="0">
  <testcase name="pageLoad" time="8.939" classname="testNGFramework.YourLogoForTestNG"/>
  <testcase name="initialRegistration" time="13.981" classname="testNGFramework.YourLogoForTestNG"/>
  <testcase name="personalInfo" time="33.201" classname="testNGFramework.YourLogoForTestNG"/>
  <testcase name="addressInfo" time="4.676" classname="testNGFramework.YourLogoForTestNG"/>
  <testcase name="signOut" time="2.231" classname="testNGFramework.YourLogoForTestNG"/>
  <testcase name="signIn" time="2.009" classname="testNGFramework.YourLogoForTestNG"/>
</testsuite> <!-- testNGFramework.YourLogoForTestNG -->
