<?xml version="1.0" encoding="UTF-8"?>
<!-- Generated by org.testng.reporters.JUnitReportReporter -->
<testsuite skipped="0" hostname="Ashwins-MacBook-Air.local" name="testNGFramework.GoogleExplicitWait" tests="3" failures="0" timestamp="17 Aug 2020 02:31:31 GMT" time="12.970" errors="0">
  <testcase name="a_pageLoad" time="6.314" classname="testNGFramework.GoogleExplicitWait"/>
  <testcase name="c_navigatetoPage" time="2.001" classname="testNGFramework.GoogleExplicitWait"/>
  <testcase name="b_searchPage" time="4.655" classname="testNGFramework.GoogleExplicitWait"/>
</testsuite> <!-- testNGFramework.GoogleExplicitWait -->
