<?xml version="1.0" encoding="UTF-8"?>
<!-- Generated by org.testng.reporters.JUnitReportReporter -->
<testsuite skipped="0" hostname="Ashwins-MacBook-Air.local" name="testNGFramework.ZeroWEbAppScreenshot" tests="4" failures="0" timestamp="19 Aug 2020 07:39:52 GMT" time="13.663" errors="0">
  <testcase name="a_pageLoad" time="6.802" classname="testNGFramework.ZeroWEbAppScreenshot"/>
  <testcase name="c_loginCredentials" time="3.319" classname="testNGFramework.ZeroWEbAppScreenshot"/>
  <testcase name="d_showTransactions" time="2.681" classname="testNGFramework.ZeroWEbAppScreenshot"/>
  <testcase name="b_signin" time="0.861" classname="testNGFramework.ZeroWEbAppScreenshot"/>
</testsuite> <!-- testNGFramework.ZeroWEbAppScreenshot -->
