<?xml version="1.0" encoding="UTF-8"?>
<!-- Generated by org.testng.reporters.JUnitReportReporter -->
<testsuite skipped="1" hostname="Ashwins-MacBook-Air.local" name="testNGFramework.TestNgExperiements" tests="6" failures="0" timestamp="13 Aug 2020 02:04:03 GMT" time="0.068" errors="0">
  <testcase name="f4" time="0.007" classname="testNGFramework.TestNgExperiements"/>
  <testcase name="f1" time="0.004" classname="testNGFramework.TestNgExperiements"/>
  <testcase name="f5" time="0.011" classname="testNGFramework.TestNgExperiements"/>
  <testcase name="f2" time="0.005" classname="testNGFramework.TestNgExperiements"/>
  <testcase name="f6" time="0.041" classname="testNGFramework.TestNgExperiements"/>
  <testcase name="f3" classname="testNGFramework.TestNgExperiements">
    <skipped/>
  </testcase> <!-- f3 -->
</testsuite> <!-- testNGFramework.TestNgExperiements -->
