<?xml version="1.0" encoding="UTF-8"?>
<!-- Generated by org.testng.reporters.JUnitReportReporter -->
<testsuite skipped="0" hostname="Ashwins-MacBook-Air.local" name="testNGFramework.Assertions" tests="7" failures="0" timestamp="20 Aug 2020 02:56:13 GMT" time="6.016" errors="0">
  <testcase name="d_asserttrue" time="0.028" classname="testNGFramework.Assertions"/>
  <testcase name="b_assertequals" time="0.058" classname="testNGFramework.Assertions"/>
  <testcase name="c_assertnotequals" time="0.031" classname="testNGFramework.Assertions"/>
  <testcase name="f_assertnotnull" time="0.011" classname="testNGFramework.Assertions"/>
  <testcase name="a_pageLoad" time="5.815" classname="testNGFramework.Assertions"/>
  <testcase name="e_assertfalse" time="0.072" classname="testNGFramework.Assertions"/>
  <testcase name="g_assertnull" time="0.001" classname="testNGFramework.Assertions"/>
</testsuite> <!-- testNGFramework.Assertions -->
