<?xml version="1.0" encoding="UTF-8"?>
<!-- Generated by org.testng.reporters.JUnitReportReporter -->
<testsuite skipped="0" hostname="Ashwins-MacBook-Air.local" name="testNGFramework.googleImplicitWait" tests="3" failures="0" timestamp="17 Aug 2020 02:19:35 GMT" time="13.482" errors="0">
  <testcase name="b_searchPage" time="5.047" classname="testNGFramework.googleImplicitWait"/>
  <testcase name="a_pageLoad" time="6.613" classname="testNGFramework.googleImplicitWait"/>
  <testcase name="c_navigatetoPage" time="1.822" classname="testNGFramework.googleImplicitWait"/>
</testsuite> <!-- testNGFramework.googleImplicitWait -->
