<?xml version="1.0" encoding="UTF-8"?>
<!-- Generated by org.testng.reporters.JUnitReportReporter -->
<testsuite skipped="0" hostname="Ashwins-MacBook-Air.local" name="testNGFramework.NavigationCommands" tests="2" failures="0" timestamp="20 Aug 2020 02:15:19 GMT" time="23.663" errors="0">
  <testcase name="a_pageLoad" time="8.981" classname="testNGFramework.NavigationCommands"/>
  <testcase name="b_navigation" time="14.682" classname="testNGFramework.NavigationCommands"/>
</testsuite> <!-- testNGFramework.NavigationCommands -->
