<?xml version="1.0" encoding="UTF-8"?>
<!-- Generated by org.testng.reporters.JUnitReportReporter -->
<testsuite skipped="0" hostname="Ashwins-MacBook-Air.local" name="testNGFramework.Grouping" tests="2" failures="0" timestamp="14 Aug 2020 02:36:42 GMT" time="0.026" errors="0">
  <testcase name="f4" time="0.025" classname="testNGFramework.Grouping"/>
  <testcase name="f5" time="0.001" classname="testNGFramework.Grouping"/>
</testsuite> <!-- testNGFramework.Grouping -->
